{"C:\\Users\\Trujli8\\Desktop\\Assignments\\ScooterRental\\src\\Customer.js": {"path":"C:\\Users\\Trujli8\\Desktop\\Assignments\\ScooterRental\\src\\Customer.js","statementMap":{"0":{"start":{"line":3,"column":8},"end":{"line":3,"column":35}},"1":{"start":{"line":4,"column":8},"end":{"line":4,"column":33}},"2":{"start":{"line":5,"column":8},"end":{"line":5,"column":27}},"3":{"start":{"line":6,"column":8},"end":{"line":6,"column":27}},"4":{"start":{"line":7,"column":8},"end":{"line":7,"column":23}},"5":{"start":{"line":12,"column":8},"end":{"line":12,"column":20}},"6":{"start":{"line":16,"column":8},"end":{"line":20,"column":9}},"7":{"start":{"line":17,"column":12},"end":{"line":17,"column":24}},"8":{"start":{"line":19,"column":12},"end":{"line":19,"column":25}},"9":{"start":{"line":25,"column":0},"end":{"line":25,"column":25}}},"fnMap":{"0":{"name":"(anonymous_0)","decl":{"start":{"line":2,"column":4},"end":{"line":2,"column":5}},"loc":{"start":{"line":2,"column":56},"end":{"line":9,"column":5}},"line":2},"1":{"name":"(anonymous_1)","decl":{"start":{"line":11,"column":4},"end":{"line":11,"column":5}},"loc":{"start":{"line":11,"column":27},"end":{"line":13,"column":5}},"line":11},"2":{"name":"(anonymous_2)","decl":{"start":{"line":15,"column":4},"end":{"line":15,"column":5}},"loc":{"start":{"line":15,"column":18},"end":{"line":22,"column":5}},"line":15}},"branchMap":{"0":{"loc":{"start":{"line":16,"column":8},"end":{"line":20,"column":9}},"type":"if","locations":[{"start":{"line":16,"column":8},"end":{"line":20,"column":9}},{"start":{"line":16,"column":8},"end":{"line":20,"column":9}}],"line":16},"1":{"loc":{"start":{"line":16,"column":11},"end":{"line":16,"column":65}},"type":"binary-expr","locations":[{"start":{"line":16,"column":11},"end":{"line":16,"column":25}},{"start":{"line":16,"column":29},"end":{"line":16,"column":65}}],"line":16}},"s":{"0":2,"1":2,"2":2,"3":2,"4":2,"5":3,"6":2,"7":1,"8":1,"9":1},"f":{"0":2,"1":3,"2":2},"b":{"0":[1,1],"1":[2,1]},"_coverageSchema":"1a1c01bbd47fc00a2c39e90264f33305004495a9","hash":"f9286bc3ccf9ab709630358da9a559a91e58f35f"}
,"C:\\Users\\Trujli8\\Desktop\\Assignments\\ScooterRental\\src\\Scooter.js": {"path":"C:\\Users\\Trujli8\\Desktop\\Assignments\\ScooterRental\\src\\Scooter.js","statementMap":{"0":{"start":{"line":3,"column":8},"end":{"line":3,"column":21}},"1":{"start":{"line":7,"column":8},"end":{"line":7,"column":40}},"2":{"start":{"line":9,"column":8},"end":{"line":9,"column":64}},"3":{"start":{"line":9,"column":37},"end":{"line":9,"column":62}},"4":{"start":{"line":11,"column":8},"end":{"line":11,"column":40}},"5":{"start":{"line":15,"column":0},"end":{"line":15,"column":25}}},"fnMap":{"0":{"name":"(anonymous_0)","decl":{"start":{"line":2,"column":4},"end":{"line":2,"column":5}},"loc":{"start":{"line":2,"column":20},"end":{"line":4,"column":5}},"line":2},"1":{"name":"(anonymous_1)","decl":{"start":{"line":6,"column":4},"end":{"line":6,"column":5}},"loc":{"start":{"line":6,"column":19},"end":{"line":12,"column":5}},"line":6},"2":{"name":"(anonymous_2)","decl":{"start":{"line":9,"column":26},"end":{"line":9,"column":27}},"loc":{"start":{"line":9,"column":37},"end":{"line":9,"column":62}},"line":9}},"branchMap":{},"s":{"0":1,"1":1,"2":1,"3":1,"4":1,"5":2},"f":{"0":1,"1":1,"2":1},"b":{},"_coverageSchema":"1a1c01bbd47fc00a2c39e90264f33305004495a9","hash":"e019c62e3c0c4e8cc0f44f80bcd53d7f5cabc714"}
,"C:\\Users\\Trujli8\\Desktop\\Assignments\\ScooterRental\\src\\ScooterStation.js": {"path":"C:\\Users\\Trujli8\\Desktop\\Assignments\\ScooterRental\\src\\ScooterStation.js","statementMap":{"0":{"start":{"line":1,"column":16},"end":{"line":1,"column":41}},"1":{"start":{"line":5,"column":8},"end":{"line":5,"column":43}},"2":{"start":{"line":6,"column":8},"end":{"line":6,"column":37}},"3":{"start":{"line":10,"column":8},"end":{"line":14,"column":9}},"4":{"start":{"line":11,"column":12},"end":{"line":11,"column":37}},"5":{"start":{"line":13,"column":12},"end":{"line":13,"column":54}},"6":{"start":{"line":18,"column":8},"end":{"line":22,"column":9}},"7":{"start":{"line":19,"column":12},"end":{"line":19,"column":24}},"8":{"start":{"line":21,"column":12},"end":{"line":21,"column":25}},"9":{"start":{"line":26,"column":8},"end":{"line":30,"column":9}},"10":{"start":{"line":27,"column":12},"end":{"line":27,"column":59}},"11":{"start":{"line":29,"column":12},"end":{"line":29,"column":25}},"12":{"start":{"line":34,"column":0},"end":{"line":34,"column":32}}},"fnMap":{"0":{"name":"(anonymous_0)","decl":{"start":{"line":4,"column":4},"end":{"line":4,"column":5}},"loc":{"start":{"line":4,"column":43},"end":{"line":7,"column":5}},"line":4},"1":{"name":"(anonymous_1)","decl":{"start":{"line":9,"column":4},"end":{"line":9,"column":5}},"loc":{"start":{"line":9,"column":18},"end":{"line":15,"column":5}},"line":9},"2":{"name":"(anonymous_2)","decl":{"start":{"line":17,"column":4},"end":{"line":17,"column":5}},"loc":{"start":{"line":17,"column":20},"end":{"line":23,"column":5}},"line":17},"3":{"name":"(anonymous_3)","decl":{"start":{"line":25,"column":4},"end":{"line":25,"column":5}},"loc":{"start":{"line":25,"column":21},"end":{"line":31,"column":5}},"line":25}},"branchMap":{"0":{"loc":{"start":{"line":10,"column":8},"end":{"line":14,"column":9}},"type":"if","locations":[{"start":{"line":10,"column":8},"end":{"line":14,"column":9}},{"start":{"line":10,"column":8},"end":{"line":14,"column":9}}],"line":10},"1":{"loc":{"start":{"line":18,"column":8},"end":{"line":22,"column":9}},"type":"if","locations":[{"start":{"line":18,"column":8},"end":{"line":22,"column":9}},{"start":{"line":18,"column":8},"end":{"line":22,"column":9}}],"line":18},"2":{"loc":{"start":{"line":26,"column":8},"end":{"line":30,"column":9}},"type":"if","locations":[{"start":{"line":26,"column":8},"end":{"line":30,"column":9}},{"start":{"line":26,"column":8},"end":{"line":30,"column":9}}],"line":26}},"s":{"0":1,"1":2,"2":2,"3":6,"4":3,"5":3,"6":4,"7":2,"8":2,"9":2,"10":1,"11":1,"12":1},"f":{"0":2,"1":6,"2":4,"3":2},"b":{"0":[3,3],"1":[2,2],"2":[1,1]},"_coverageSchema":"1a1c01bbd47fc00a2c39e90264f33305004495a9","hash":"99508721b66fcd46aa05bf2dad08e028e64867f3"}
}
